<?xml version="1.0" encoding="UTF-8"?>
<testng-results ignored="0" total="4" passed="4" failed="0" skipped="0">
  <reporter-output>
  </reporter-output>
  <suite started-at="2023-06-03T17:23:10 CDT" name="Default suite" finished-at="2023-06-03T17:23:14 CDT" duration-ms="4846">
    <groups>
    </groups>
    <test started-at="2023-06-03T17:23:10 CDT" name="Default test" finished-at="2023-06-03T17:23:14 CDT" duration-ms="4846">
      <class name="test.UserTests">
        <test-method is-config="true" signature="setupData()[pri:0, instance:test.UserTests@74fe5c40]" started-at="2023-06-03T17:23:10 CDT" name="setupData" finished-at="2023-06-03T17:23:10 CDT" duration-ms="250" status="PASS">
          <reporter-output>
          </reporter-output>
        </test-method> <!-- setupData -->
        <test-method signature="testPostUser()[pri:1, instance:test.UserTests@74fe5c40]" started-at="2023-06-03T17:23:10 CDT" name="testPostUser" finished-at="2023-06-03T17:23:12 CDT" duration-ms="2682" status="PASS">
          <reporter-output>
          </reporter-output>
        </test-method> <!-- testPostUser -->
        <test-method signature="testGetUserByName()[pri:2, instance:test.UserTests@74fe5c40]" started-at="2023-06-03T17:23:13 CDT" name="testGetUserByName" finished-at="2023-06-03T17:23:13 CDT" duration-ms="356" status="PASS">
          <reporter-output>
          </reporter-output>
        </test-method> <!-- testGetUserByName -->
        <test-method signature="testUpdateUserByName()[pri:3, instance:test.UserTests@74fe5c40]" started-at="2023-06-03T17:23:13 CDT" name="testUpdateUserByName" finished-at="2023-06-03T17:23:14 CDT" duration-ms="1012" status="PASS">
          <reporter-output>
          </reporter-output>
        </test-method> <!-- testUpdateUserByName -->
        <test-method signature="testDeleteUserByName()[pri:4, instance:test.UserTests@74fe5c40]" started-at="2023-06-03T17:23:14 CDT" name="testDeleteUserByName" finished-at="2023-06-03T17:23:14 CDT" duration-ms="463" status="PASS">
          <reporter-output>
          </reporter-output>
        </test-method> <!-- testDeleteUserByName -->
      </class> <!-- test.UserTests -->
    </test> <!-- Default test -->
  </suite> <!-- Default suite -->
</testng-results>
