<?xml version="1.0" encoding="UTF-8"?>
<!-- Generated by org.testng.reporters.JUnitXMLReporter -->
<testsuite ignored="0" hostname="DESKTOP-EKH1QUK" failures="0" tests="4" name="Default test" time="4.846" errors="0" timestamp="2023-06-03T17:23:14 CDT">
  <testcase classname="test.UserTests" name="testPostUser" time="2.682"/>
  <testcase classname="test.UserTests" name="testGetUserByName" time="0.356"/>
  <testcase classname="test.UserTests" name="testUpdateUserByName" time="1.012"/>
  <testcase classname="test.UserTests" name="testDeleteUserByName" time="0.463"/>
</testsuite> <!-- Default test -->
